{
  "RSpec": {
    "coverage": {
      "/home/vagrant/environment/space_app/app/models/user.rb": [
        1,
        1,
        null,
        73,
        1,
        1,
        1,
        null,
        null,
        1,
        1,
        null,
        1,
        2,
        0,
        null,
        2,
        null,
        null,
        null
      ],
      "/home/vagrant/environment/space_app/app/models/application_record.rb": [
        1,
        1,
        null
      ],
      "/home/vagrant/environment/space_app/app/helpers/application_helper.rb": [
        1,
        null,
        1,
        128,
        128,
        32,
        null,
        96,
        null,
        null,
        null
      ],
      "/home/vagrant/environment/space_app/app/helpers/reservations_helper.rb": [
        1,
        null,
        1,
        null,
        11,
        11,
        11,
        null,
        10,
        null,
        10,
        null,
        null,
        null,
        null
      ],
      "/home/vagrant/environment/space_app/app/helpers/sessions_helper.rb": [
        1,
        null,
        1,
        38,
        38,
        null,
        null,
        null,
        1,
        177,
        164,
        null,
        null,
        null,
        1,
        0,
        null,
        null,
        null,
        1,
        100,
        null,
        null,
        null,
        1,
        1,
        1,
        null,
        null
      ],
      "/home/vagrant/environment/space_app/app/helpers/spaces_helper.rb": [
        1,
        null
      ],
      "/home/vagrant/environment/space_app/app/helpers/static_pages_helper.rb": [
        1,
        null
      ],
      "/home/vagrant/environment/space_app/app/helpers/users_helper.rb": [
        1,
        null,
        1,
        1,
        1,
        1,
        null,
        null
      ],
      "/home/vagrant/environment/space_app/app/controllers/reservations_controller.rb": [
        1,
        1,
        1,
        null,
        null,
        null,
        null,
        null,
        null,
        null,
        1,
        null,
        1,
        null,
        null,
        1,
        2,
        null,
        null,
        1,
        null,
        11,
        null,
        11,
        11,
        8,
        6,
        6,
        null,
        null,
        2,
        2,
        null,
        null,
        3,
        3,
        null,
        null,
        null,
        1,
        0,
        0,
        null,
        0,
        null,
        null,
        1,
        1,
        11,
        null,
        null,
        null,
        null,
        null,
        null
      ],
      "/home/vagrant/environment/space_app/app/controllers/application_controller.rb": [
        1,
        1,
        1,
        null,
        null,
        1,
        8,
        null,
        null,
        1,
        73,
        0,
        0,
        null,
        null,
        null,
        1,
        3,
        3,
        null,
        null,
        null,
        null,
        null,
        null,
        null,
        null
      ],
      "/home/vagrant/environment/space_app/app/controllers/sessions_controller.rb": [
        1,
        null,
        null,
        null,
        null,
        null,
        1,
        19,
        19,
        16,
        16,
        16,
        null,
        0,
        null,
        null,
        3,
        3,
        null,
        null,
        null,
        1,
        1,
        1,
        null,
        null
      ],
      "/home/vagrant/environment/space_app/app/controllers/spaces_controller.rb": [
        1,
        1,
        1,
        null,
        1,
        1,
        null,
        null,
        1,
        null,
        null,
        1,
        1,
        null,
        null,
        1,
        0,
        null,
        null,
        null,
        null,
        null,
        null,
        null,
        null,
        0,
        0,
        0,
        null,
        0,
        null,
        null,
        null,
        1,
        0,
        0,
        0,
        0,
        null,
        0,
        null,
        null,
        null,
        1,
        15,
        14,
        null,
        null,
        1,
        41,
        null,
        null,
        1,
        null,
        null,
        0,
        0,
        0,
        0,
        0,
        null,
        null,
        1,
        1,
        0,
        null,
        null
      ],
      "/home/vagrant/environment/space_app/app/controllers/static_pages_controller.rb": [
        1,
        1,
        null,
        null
      ],
      "/home/vagrant/environment/space_app/app/controllers/users_controller.rb": [
        1,
        1,
        1,
        1,
        null,
        1,
        20,
        null,
        null,
        1,
        1,
        null,
        null,
        1,
        32,
        32,
        22,
        22,
        22,
        null,
        10,
        null,
        null,
        null,
        1,
        0,
        0,
        0,
        null,
        null,
        1,
        1,
        null,
        null,
        1,
        1,
        null,
        1,
        1,
        1,
        null,
        null,
        null,
        null,
        null,
        1,
        2,
        null,
        null,
        1,
        1,
        33,
        null,
        null,
        null
      ],
      "/home/vagrant/environment/space_app/app/models/reservation.rb": [
        1,
        null,
        null,
        1,
        1,
        1,
        1,
        null,
        1,
        13,
        null,
        10,
        null,
        3,
        null,
        null,
        null,
        1,
        13,
        1,
        null,
        null,
        null,
        1,
        1,
        null,
        null,
        null,
        null,
        null,
        null,
        1,
        2,
        0,
        null,
        2,
        null,
        null,
        null
      ],
      "/home/vagrant/environment/space_app/app/models/date_validator.rb": [
        1,
        1,
        26,
        26,
        26,
        1,
        1,
        null,
        null,
        null
      ],
      "/home/vagrant/environment/space_app/app/models/space.rb": [
        1,
        1,
        null,
        1,
        1,
        1,
        null,
        1,
        null,
        1,
        41,
        1,
        null,
        40,
        null,
        null,
        null
      ],
      "/home/vagrant/environment/space_app/app/uploaders/picture_uploader.rb": [
        1,
        null,
        null,
        1,
        1,
        null,
        null,
        1,
        null,
        null,
        null,
        null,
        1,
        0,
        null,
        null,
        null,
        null,
        null,
        null,
        null,
        null,
        null,
        null,
        null,
        null,
        null,
        null,
        null,
        null,
        null,
        null,
        null,
        null,
        null,
        null,
        null,
        null,
        null,
        null,
        null,
        null,
        null,
        null,
        null,
        null,
        null,
        null
      ],
      "/home/vagrant/environment/space_app/app/models/reservation_period_validator.rb": [
        0,
        0,
        null,
        0,
        0,
        null,
        0,
        null,
        null,
        0,
        0,
        0,
        0,
        0,
        null,
        0,
        0,
        0
      ]
    },
    "timestamp": 1575280791
  }
}
